Arguments: 
  /home/lucas/.nvm/versions/node/v10.14.1/bin/node /usr/share/yarn/bin/yarn.js init

PATH: 
  /home/lucas/.nvm/versions/node/v10.14.1/bin:/home/lucas/.fastlane/bin:/usr/local/bin:/usr/bin:/bin:/usr/local/games:/usr/games:/sbin:/usr/sbin:/home/lucas/Android/Sdk/tools:/home/lucas/Android/Sdk/platform-tools:/usr/local/bin

Yarn version: 
  1.17.3

Node version: 
  10.14.1

Platform: 
  linux x64

Trace: 
  Error: canceled
      at Interface.<anonymous> (/usr/share/yarn/lib/cli.js:136724:13)
      at Interface.emit (events.js:182:13)
      at Interface._ttyWrite (readline.js:783:16)
      at ReadStream.onkeypress (readline.js:168:10)
      at ReadStream.emit (events.js:182:13)
      at emitKeys (internal/readline.js:424:14)
      at emitKeys.next (<anonymous>)
      at ReadStream.onData (readline.js:1022:36)
      at ReadStream.emit (events.js:182:13)
      at addChunk (_stream_readable.js:283:12)

npm manifest: 
  No manifest

yarn manifest: 
  No manifest

Lockfile: 
  No lockfile
